<?xml version="1.0" encoding="UTF-8"?>
<robot generator="Robot 6.0.2 (Python 3.11.2 on win32)" generated="20230904 14:28:39.527" rpa="false" schemaversion="3">
<suite id="s1" name="Register1" source="C:\Users\Bhavya kP-Int-222\Desktop\Automation\Automation_2\Framework\TestCycles\Module 1\testscenario\register1.robot">
<test id="s1-t1" name="Registration Page" line="6">
<kw name="Open Registration Page">
<arg>https://demowebshop.tricentis.com/</arg>
<msg timestamp="20230904 14:28:39.784" level="FAIL">No keyword with name 'Open Registration Page' found.</msg>
<status status="FAIL" starttime="20230904 14:28:39.784" endtime="20230904 14:28:39.784"/>
</kw>
<kw name="Fill RegistrationPage1">
<status status="NOT RUN" starttime="20230904 14:28:39.787" endtime="20230904 14:28:39.787"/>
</kw>
<doc>Test the registration process on the demo webshop</doc>
<status status="FAIL" starttime="20230904 14:28:39.781" endtime="20230904 14:28:39.787">No keyword with name 'Open Registration Page' found.</status>
</test>
<status status="FAIL" starttime="20230904 14:28:39.529" endtime="20230904 14:28:39.787"/>
</suite>
<statistics>
<total>
<stat pass="0" fail="1" skip="0">All Tests</stat>
</total>
<tag>
</tag>
<suite>
<stat pass="0" fail="1" skip="0" id="s1" name="Register1">Register1</stat>
</suite>
</statistics>
<errors>
<msg timestamp="20230904 14:28:39.781" level="ERROR">Error in file 'C:\Users\Bhavya kP-Int-222\Desktop\Automation\Automation_2\Framework\TestCycles\Module 1\testscenario\register1.robot' on line 3: Resource file 'Framework\Resources\Keywords\registration1_keywords.robot' does not exist.</msg>
</errors>
</robot>
